DEBUG 2021-05-03 11:06:27.881 UTC: 	 CRAB Client version: v3.210323
DEBUG 2021-05-03 11:06:27.882 UTC: 	 Running on: Linux lxplus7102.cern.ch 3.10.0-1160.24.1.el7.x86_64 #1 SMP Thu Apr 8 19:51:47 UTC 2021 x86_64 x86_64 x86_64 GNU/Linux - CentOS Linux 7 (Core)
DEBUG 2021-05-03 11:06:27.882 UTC: 	 Executing command: 'checkusername'
DEBUG 2021-05-03 11:06:27.882 UTC: 	 Found CRAB cache file /afs/cern.ch/user/p/pchatagn/.crab3
WARNING 2021-05-03 11:06:27.883 UTC: 	 Warning: 'crab checkusername' command takes no arguments, 1 given. Ignoring arguments ['pchatagn'].
DEBUG 2021-05-03 11:06:27.913 UTC: 	 Checking credentials
DEBUG 2021-05-03 11:06:27.914 UTC: 	 Found proxy file /tmp/x509up_u140433
DEBUG 2021-05-03 11:06:27.914 UTC: 	 Getting proxy life time left
DEBUG 2021-05-03 11:06:29.128 UTC: 	 Executing : 
 command : voms-proxy-info -file /tmp/x509up_u140433 -timeleft
 output : 618749

 error: 
 retcode : 0
DEBUG 2021-05-03 11:06:30.046 UTC: 	 Executing : 
 command : voms-proxy-info -file /tmp/x509up_u140433 -actimeleft
 output : 618747

 error: 
 retcode : 0
DEBUG 2021-05-03 11:06:30.046 UTC: 	 Proxy lifetime 618749 secs is different from voms extension lifetime 618747 secs for proxy: /tmp/x509up_u140433
DEBUG 2021-05-03 11:06:30.046 UTC: 	 Proxy valid for 171:52:27 hours
DEBUG 2021-05-03 11:06:30.047 UTC: 	 Command use: checkusername
DEBUG 2021-05-03 11:06:30.047 UTC: 	 Options use: ['pchatagn']
DEBUG 2021-05-03 11:06:30.047 UTC: 	 Instance is None
DEBUG 2021-05-03 11:06:30.047 UTC: 	 Server base url is None
DEBUG 2021-05-03 11:06:30.047 UTC: 	 Retrieving username ...
DEBUG 2021-05-03 11:06:30.047 UTC: 	 Retrieving username from CRIC...
DEBUG 2021-05-03 11:06:30.986 UTC: 	 username is pchatagn
INFO 2021-05-03 11:06:30.987 UTC: 	 Username is: pchatagn
DEBUG 2021-05-03 11:06:45.038 UTC: 	 CRAB Client version: v3.210323
DEBUG 2021-05-03 11:06:45.038 UTC: 	 Running on: Linux lxplus7102.cern.ch 3.10.0-1160.24.1.el7.x86_64 #1 SMP Thu Apr 8 19:51:47 UTC 2021 x86_64 x86_64 x86_64 GNU/Linux - CentOS Linux 7 (Core)
DEBUG 2021-05-03 11:06:45.038 UTC: 	 Executing command: 'submit'
DEBUG 2021-05-03 11:06:45.038 UTC: 	 Found CRAB cache file /afs/cern.ch/user/p/pchatagn/.crab3
ERROR 2021-05-03 11:06:45.040 UTC: 	 CRAB configuration file crabConfig.py not found.
ERROR 2021-05-03 11:06:45.040 UTC: 	 Caught ClientException exception
Traceback (most recent call last):
  File "/cvmfs/cms.cern.ch/share/cms/crab-prod/v3.210323.00/bin/crab", line 165, in <module>
    client()
  File "/cvmfs/cms.cern.ch/share/cms/crab-prod/v3.210323.00/bin/crab", line 150, in __call__
    self.cmd = sub_cmd(self.logger, args[1:])
  File "/cvmfs/cms.cern.ch/share/cms/crab-prod/v3.210323.00/lib/CRABClient/Commands/submit.py", line 34, in __init__
    SubCommand.__init__(self, logger, cmdargs, disable_interspersed_args=True)
  File "/cvmfs/cms.cern.ch/share/cms/crab-prod/v3.210323.00/lib/CRABClient/Commands/SubCommand.py", line 311, in __init__
    self.loadConfig(self.options.config, self.args)
  File "/cvmfs/cms.cern.ch/share/cms/crab-prod/v3.210323.00/lib/CRABClient/Commands/SubCommand.py", line 52, in loadConfig
    raise ConfigurationException("CRAB configuration file %s not found." % (configname))
ConfigurationException: CRAB configuration file crabConfig.py not found.
INFO 2021-05-03 11:06:45.048 UTC: 	 Log file is /eos/home-p/pchatagn/CMSSW_10_6_16/src/TopLJets2015/TopAnalysis/crab.log
